[2020-07-10 14:53:39] app.INFO: Protect vendor folder in module contactform [] []
[2020-07-10 14:53:39] app.INFO: Module contactform has no vendor folder [] []
[2020-07-10 14:53:42] app.INFO: Protect vendor folder in module dashactivity [] []
[2020-07-10 14:53:42] app.INFO: Module dashactivity has no vendor folder [] []
[2020-07-10 14:53:44] app.INFO: Protect vendor folder in module dashtrends [] []
[2020-07-10 14:53:44] app.INFO: Module dashtrends has no vendor folder [] []
[2020-07-10 14:53:50] app.INFO: Protect vendor folder in module dashgoals [] []
[2020-07-10 14:53:50] app.INFO: Module dashgoals has no vendor folder [] []
[2020-07-10 14:53:52] app.INFO: Protect vendor folder in module dashproducts [] []
[2020-07-10 14:53:52] app.INFO: Module dashproducts has no vendor folder [] []
[2020-07-10 14:53:53] app.INFO: Protect vendor folder in module graphnvd3 [] []
[2020-07-10 14:53:53] app.INFO: Module graphnvd3 has no vendor folder [] []
[2020-07-10 14:53:55] app.INFO: Protect vendor folder in module gridhtml [] []
[2020-07-10 14:53:55] app.INFO: Module gridhtml has no vendor folder [] []
[2020-07-10 14:53:57] app.INFO: Protect vendor folder in module gsitemap [] []
[2020-07-10 14:53:57] app.INFO: Module gsitemap has no vendor folder [] []
[2020-07-10 14:53:59] app.INFO: Protect vendor folder in module ps_banner [] []
[2020-07-10 14:53:59] app.INFO: Module ps_banner has no vendor folder [] []
[2020-07-10 14:54:01] app.INFO: Protect vendor folder in module ps_categorytree [] []
[2020-07-10 14:54:01] app.INFO: Module ps_categorytree has no vendor folder [] []
[2020-07-10 14:54:03] app.INFO: Protect vendor folder in module ps_checkpayment [] []
[2020-07-10 14:54:04] app.INFO: Module ps_checkpayment has no vendor folder [] []
[2020-07-10 14:54:05] app.INFO: Protect vendor folder in module ps_contactinfo [] []
[2020-07-10 14:54:06] app.INFO: Module ps_contactinfo has no vendor folder [] []
[2020-07-10 14:54:07] app.INFO: Protect vendor folder in module ps_currencyselector [] []
[2020-07-10 14:54:07] app.INFO: Module ps_currencyselector has no vendor folder [] []
[2020-07-10 14:54:09] app.INFO: Protect vendor folder in module ps_customeraccountlinks [] []
[2020-07-10 14:54:09] app.INFO: Module ps_customeraccountlinks has no vendor folder [] []
[2020-07-10 14:54:10] app.INFO: Protect vendor folder in module ps_customersignin [] []
[2020-07-10 14:54:10] app.INFO: Module ps_customersignin has no vendor folder [] []
[2020-07-10 14:54:13] app.INFO: Protect vendor folder in module ps_customtext [] []
[2020-07-10 14:54:13] app.INFO: Module ps_customtext has no vendor folder [] []
[2020-07-10 14:54:17] app.INFO: Protect vendor folder in module ps_emailsubscription [] []
[2020-07-10 14:54:17] app.INFO: Module ps_emailsubscription has no vendor folder [] []
[2020-07-10 14:54:34] app.INFO: Protect vendor folder in module ps_facetedsearch [] []
[2020-07-10 14:54:34] app.INFO: Module ps_facetedsearch has no vendor folder [] []
[2020-07-10 14:54:36] app.INFO: Protect vendor folder in module ps_faviconnotificationbo [] []
[2020-07-10 14:54:36] app.INFO: Module ps_faviconnotificationbo has no vendor folder [] []
[2020-07-10 14:54:39] app.INFO: Protect vendor folder in module ps_featuredproducts [] []
[2020-07-10 14:54:39] app.INFO: Module ps_featuredproducts has no vendor folder [] []
[2020-07-10 14:54:44] app.INFO: Protect vendor folder in module ps_imageslider [] []
[2020-07-10 14:54:44] app.INFO: Module ps_imageslider has no vendor folder [] []
[2020-07-10 14:54:45] app.INFO: Protect vendor folder in module ps_languageselector [] []
[2020-07-10 14:54:45] app.INFO: Module ps_languageselector has no vendor folder [] []
[2020-07-10 14:54:49] app.INFO: Protect vendor folder in module ps_linklist [] []
[2020-07-10 14:54:49] app.INFO: Module ps_linklist has no vendor folder [] []
[2020-07-10 14:54:49] app.ERROR: Class "AdminLinkWidgetController" not found in controllers/admin [] []
[2020-07-10 14:54:55] app.INFO: Protect vendor folder in module ps_mainmenu [] []
[2020-07-10 14:54:55] app.INFO: Module ps_mainmenu has no vendor folder [] []
[2020-07-10 14:54:57] app.INFO: Protect vendor folder in module ps_searchbar [] []
[2020-07-10 14:54:57] app.INFO: Module ps_searchbar has no vendor folder [] []
[2020-07-10 14:54:58] app.INFO: Protect vendor folder in module ps_sharebuttons [] []
[2020-07-10 14:54:58] app.INFO: Module ps_sharebuttons has no vendor folder [] []
[2020-07-10 14:55:00] app.INFO: Protect vendor folder in module ps_shoppingcart [] []
[2020-07-10 14:55:00] app.INFO: Module ps_shoppingcart has no vendor folder [] []
[2020-07-10 14:55:02] app.INFO: Protect vendor folder in module ps_socialfollow [] []
[2020-07-10 14:55:02] app.INFO: Module ps_socialfollow has no vendor folder [] []
[2020-07-10 14:55:07] app.INFO: Protect vendor folder in module ps_themecusto [] []
[2020-07-10 14:55:07] app.INFO: Module ps_themecusto has no vendor folder [] []
[2020-07-10 14:55:10] app.INFO: Protect vendor folder in module ps_wirepayment [] []
[2020-07-10 14:55:10] app.INFO: Module ps_wirepayment has no vendor folder [] []
[2020-07-10 14:55:12] app.INFO: Protect vendor folder in module pagesnotfound [] []
[2020-07-10 14:55:12] app.INFO: Module pagesnotfound has no vendor folder [] []
[2020-07-10 14:55:14] app.INFO: Protect vendor folder in module sekeywords [] []
[2020-07-10 14:55:14] app.INFO: Module sekeywords has no vendor folder [] []
[2020-07-10 14:55:15] app.INFO: Protect vendor folder in module statsbestcategories [] []
[2020-07-10 14:55:15] app.INFO: Module statsbestcategories has no vendor folder [] []
[2020-07-10 14:55:17] app.INFO: Protect vendor folder in module statsbestcustomers [] []
[2020-07-10 14:55:17] app.INFO: Module statsbestcustomers has no vendor folder [] []
[2020-07-10 14:55:18] app.INFO: Protect vendor folder in module statsbestproducts [] []
[2020-07-10 14:55:18] app.INFO: Module statsbestproducts has no vendor folder [] []
[2020-07-10 14:55:20] app.INFO: Protect vendor folder in module statsbestsuppliers [] []
[2020-07-10 14:55:20] app.INFO: Module statsbestsuppliers has no vendor folder [] []
[2020-07-10 14:55:21] app.INFO: Protect vendor folder in module statsbestvouchers [] []
[2020-07-10 14:55:21] app.INFO: Module statsbestvouchers has no vendor folder [] []
[2020-07-10 14:55:22] app.INFO: Protect vendor folder in module statscarrier [] []
[2020-07-10 14:55:23] app.INFO: Module statscarrier has no vendor folder [] []
[2020-07-10 14:55:24] app.INFO: Protect vendor folder in module statscatalog [] []
[2020-07-10 14:55:24] app.INFO: Module statscatalog has no vendor folder [] []
[2020-07-10 14:55:25] app.INFO: Protect vendor folder in module statscheckup [] []
[2020-07-10 14:55:25] app.INFO: Module statscheckup has no vendor folder [] []
[2020-07-10 14:55:27] app.INFO: Protect vendor folder in module statsdata [] []
[2020-07-10 14:55:27] app.INFO: Module statsdata has no vendor folder [] []
[2020-07-10 14:55:28] app.INFO: Protect vendor folder in module statsequipment [] []
[2020-07-10 14:55:29] app.INFO: Module statsequipment has no vendor folder [] []
[2020-07-10 14:55:29] app.INFO: Protect vendor folder in module statsforecast [] []
[2020-07-10 14:55:30] app.INFO: Module statsforecast has no vendor folder [] []
[2020-07-10 14:55:31] app.INFO: Protect vendor folder in module statslive [] []
[2020-07-10 14:55:31] app.INFO: Module statslive has no vendor folder [] []
[2020-07-10 14:55:32] app.INFO: Protect vendor folder in module statsnewsletter [] []
[2020-07-10 14:55:33] app.INFO: Module statsnewsletter has no vendor folder [] []
[2020-07-10 14:55:34] app.INFO: Protect vendor folder in module statsorigin [] []
[2020-07-10 14:55:34] app.INFO: Module statsorigin has no vendor folder [] []
[2020-07-10 14:55:35] app.INFO: Protect vendor folder in module statspersonalinfos [] []
[2020-07-10 14:55:35] app.INFO: Module statspersonalinfos has no vendor folder [] []
[2020-07-10 14:55:36] app.INFO: Protect vendor folder in module statsproduct [] []
[2020-07-10 14:55:36] app.INFO: Module statsproduct has no vendor folder [] []
[2020-07-10 14:55:37] app.INFO: Protect vendor folder in module statsregistrations [] []
[2020-07-10 14:55:37] app.INFO: Module statsregistrations has no vendor folder [] []
[2020-07-10 14:55:39] app.INFO: Protect vendor folder in module statssales [] []
[2020-07-10 14:55:39] app.INFO: Module statssales has no vendor folder [] []
[2020-07-10 14:55:41] app.INFO: Protect vendor folder in module statssearch [] []
[2020-07-10 14:55:41] app.INFO: Module statssearch has no vendor folder [] []
[2020-07-10 14:55:42] app.INFO: Protect vendor folder in module statsstock [] []
[2020-07-10 14:55:42] app.INFO: Module statsstock has no vendor folder [] []
[2020-07-10 14:55:43] app.INFO: Protect vendor folder in module statsvisits [] []
[2020-07-10 14:55:43] app.INFO: Module statsvisits has no vendor folder [] []
[2020-07-10 14:55:46] app.INFO: Protect vendor folder in module welcome [] []
[2020-07-10 14:56:05] app.INFO: Exporting mail with theme modern for language Русский (Russian) [] []
[2020-07-10 14:56:05] app.INFO: Core output folder: D:\OSPanel\domains\altopromo/mails [] []
[2020-07-10 14:56:05] app.INFO: Modules output folder: D:\OSPanel\domains\altopromo/modules/ [] []
[2020-07-10 14:56:07] app.INFO: Exporting mail with theme modern for language English (English) [] []
[2020-07-10 14:56:07] app.INFO: Core output folder: D:\OSPanel\domains\altopromo/mails [] []
[2020-07-10 14:56:07] app.INFO: Modules output folder: D:\OSPanel\domains\altopromo/modules/ [] []
[2020-07-10 14:58:18] app.ERROR: Data from PrestaShop Addons is invalid, and cannot fallback on cache.  {"exception":"cURL error 28: Operation timed out after 5000 milliseconds with 543925 bytes received"} []
[2020-07-10 14:58:22] app.INFO: Protect vendor folder in module blockreassurance [] []
[2020-07-10 14:58:22] app.INFO: Module blockreassurance has no vendor folder [] []
[2020-07-10 20:56:59] request.CRITICAL: Uncaught PHP Exception Symfony\Component\Debug\Exception\FatalErrorException: "Error: Maximum execution time of 60 seconds exceeded" at D:\OSPanel\domains\altopromo\classes\db\DbPDO.php line 156 {"exception":"[object] (Symfony\\Component\\Debug\\Exception\\FatalErrorException(code: 0): Error: Maximum execution time of 60 seconds exceeded at D:\\OSPanel\\domains\\altopromo\\classes\\db\\DbPDO.php:156)"} []
[2020-07-10 20:57:02] request.CRITICAL: Uncaught PHP Exception Symfony\Component\Debug\Exception\FatalErrorException: "Error: Maximum execution time of 60 seconds exceeded" at D:\OSPanel\domains\altopromo\vendor\symfony\symfony\src\Symfony\Component\HttpFoundation\Session\Storage\Handler\StrictSessionHandler.php line 48 {"exception":"[object] (Symfony\\Component\\Debug\\Exception\\FatalErrorException(code: 0): Error: Maximum execution time of 60 seconds exceeded at D:\\OSPanel\\domains\\altopromo\\vendor\\symfony\\symfony\\src\\Symfony\\Component\\HttpFoundation\\Session\\Storage\\Handler\\StrictSessionHandler.php:48)"} []
[2020-07-11 15:44:05] request.INFO: Matched route "admin_module_manage_action". {"route":"admin_module_manage_action","route_parameters":{"_controller":"PrestaShopBundle\\Controller\\Admin\\Improve\\ModuleController::moduleAction","action":"upgrade","module_name":"ps_contactinfo","_route":"admin_module_manage_action"},"request_uri":"http://altopromo/admin074nfk35r/index.php/improve/modules/manage/action/upgrade/ps_contactinfo?_token=OSM6TbMDauBDlRaKaWBdw6imCmZqAmPDhBABrjArUkg","method":"POST"} []
[2020-07-11 15:44:05] security.DEBUG: Read existing security token from the session. {"key":"_security_main","token_class":"Symfony\\Component\\Security\\Core\\Authentication\\Token\\UsernamePasswordToken"} []
[2020-07-11 15:44:05] security.DEBUG: User was reloaded from a user provider. {"provider":"PrestaShopBundle\\Security\\Admin\\EmployeeProvider","username":"ergeysaevbars@mail.ru"} []
[2020-07-11 15:45:05] request.CRITICAL: Uncaught PHP Exception Symfony\Component\Debug\Exception\FatalErrorException: "Error: Maximum execution time of 60 seconds exceeded" at D:\OSPanel\domains\altopromo\classes\Tools.php line 2153 {"exception":"[object] (Symfony\\Component\\Debug\\Exception\\FatalErrorException(code: 0): Error: Maximum execution time of 60 seconds exceeded at D:\\OSPanel\\domains\\altopromo\\classes\\Tools.php:2153)"} []
[2020-07-11 15:45:06] security.DEBUG: Stored the security token in the session. {"key":"_security_main"} []
[2020-07-11 16:49:03] request.INFO: Matched route "admin_module_manage". {"route":"admin_module_manage","route_parameters":{"category":null,"keyword":null,"_controller":"PrestaShopBundle\\Controller\\Admin\\Improve\\ModuleController::manageAction","_legacy_controller":"AdminModulesManage","_legacy_link":["AdminModulesManage","AdminModulesSf"],"_route":"admin_module_manage"},"request_uri":"http://altopromo/admin074nfk35r/index.php/improve/modules/manage?_token=OSM6TbMDauBDlRaKaWBdw6imCmZqAmPDhBABrjArUkg","method":"GET"} []
[2020-07-11 16:49:03] security.DEBUG: Read existing security token from the session. {"key":"_security_main","token_class":"Symfony\\Component\\Security\\Core\\Authentication\\Token\\UsernamePasswordToken"} []
[2020-07-11 16:49:03] security.DEBUG: User was reloaded from a user provider. {"provider":"PrestaShopBundle\\Security\\Admin\\EmployeeProvider","username":"ergeysaevbars@mail.ru"} []
[2020-07-11 16:49:08] app.ERROR: Data from PrestaShop Addons is invalid, and cannot fallback on cache.  {"exception":"cURL error 28: Operation timed out after 5000 milliseconds with 473308 bytes received"} []
[2020-07-11 16:49:11] security.DEBUG: Stored the security token in the session. {"key":"_security_main"} []
[2020-07-11 17:11:44] request.CRITICAL: Uncaught PHP Exception Symfony\Component\Debug\Exception\FatalErrorException: "Compile Error: require_once(): Failed opening required 'D:/OSPanel/domains/altopromo' (include_path='D:\OSPanel\domains\altopromo\vendor/pear/pear_exception;D:\OSPanel\domains\altopromo\vendor/pear/console_getopt;D:\OSPanel\domains\altopromo\vendor/pear/pear-core-minimal/src;D:\OSPanel\domains\altopromo\vendor/pear/archive_tar;.')" at D:\OSPanel\domains\altopromo\modules\lowhighprice\lowhighprice.php line 35 {"exception":"[object] (Symfony\\Component\\Debug\\Exception\\FatalErrorException(code: 0): Compile Error: require_once(): Failed opening required 'D:/OSPanel/domains/altopromo' (include_path='D:\\OSPanel\\domains\\altopromo\\vendor/pear/pear_exception;D:\\OSPanel\\domains\\altopromo\\vendor/pear/console_getopt;D:\\OSPanel\\domains\\altopromo\\vendor/pear/pear-core-minimal/src;D:\\OSPanel\\domains\\altopromo\\vendor/pear/archive_tar;.') at D:\\OSPanel\\domains\\altopromo\\modules\\lowhighprice\\lowhighprice.php:35)"} []
[2020-07-11 18:06:07] request.CRITICAL: Uncaught PHP Exception Symfony\Component\Debug\Exception\FatalThrowableError: "Parse error: syntax error, unexpected ')'" at D:\OSPanel\domains\altopromo\modules\lowhighprice\lowhighprice.php line 51 {"exception":"[object] (Symfony\\Component\\Debug\\Exception\\FatalThrowableError(code: 0): Parse error: syntax error, unexpected ')' at D:\\OSPanel\\domains\\altopromo\\modules\\lowhighprice\\lowhighprice.php:51)"} []
[2020-07-11 18:06:20] request.CRITICAL: Uncaught PHP Exception Symfony\Component\Debug\Exception\FatalThrowableError: "Parse error: syntax error, unexpected ')'" at D:\OSPanel\domains\altopromo\modules\lowhighprice\lowhighprice.php line 51 {"exception":"[object] (Symfony\\Component\\Debug\\Exception\\FatalThrowableError(code: 0): Parse error: syntax error, unexpected ')' at D:\\OSPanel\\domains\\altopromo\\modules\\lowhighprice\\lowhighprice.php:51)"} []
[2020-07-11 18:06:35] request.CRITICAL: Uncaught PHP Exception Symfony\Component\Debug\Exception\FatalThrowableError: "Parse error: syntax error, unexpected ')'" at D:\OSPanel\domains\altopromo\modules\lowhighprice\lowhighprice.php line 51 {"exception":"[object] (Symfony\\Component\\Debug\\Exception\\FatalThrowableError(code: 0): Parse error: syntax error, unexpected ')' at D:\\OSPanel\\domains\\altopromo\\modules\\lowhighprice\\lowhighprice.php:51)"} []
[2020-07-11 19:00:56] request.INFO: Matched route "admin_module_catalog_refresh". {"route":"admin_module_catalog_refresh","route_parameters":{"category":null,"keyword":null,"_controller":"PrestaShopBundle\\Controller\\Admin\\Improve\\ModuleController::refreshCatalogAction","_legacy_controller":"AdminModulesCatalog","_legacy_link":"AdminModulesCatalog:refresh","_route":"admin_module_catalog_refresh"},"request_uri":"http://altopromo/admin074nfk35r/index.php/improve/modules/catalog/refresh?_token=OSM6TbMDauBDlRaKaWBdw6imCmZqAmPDhBABrjArUkg","method":"GET"} []
[2020-07-11 19:00:56] security.DEBUG: Read existing security token from the session. {"key":"_security_main","token_class":"Symfony\\Component\\Security\\Core\\Authentication\\Token\\UsernamePasswordToken"} []
[2020-07-11 19:00:56] security.DEBUG: User was reloaded from a user provider. {"provider":"PrestaShopBundle\\Security\\Admin\\EmployeeProvider","username":"ergeysaevbars@mail.ru"} []
[2020-07-11 19:01:02] app.ERROR: Data from PrestaShop Addons is invalid, and cannot fallback on cache.  {"exception":"cURL error 28: Operation timed out after 5000 milliseconds with 474436 bytes received"} []
[2020-07-11 19:01:02] security.DEBUG: Stored the security token in the session. {"key":"_security_main"} []
[2020-07-11 19:12:52] request.INFO: Matched route "admin_module_notification_count". {"route":"admin_module_notification_count","route_parameters":{"_controller":"PrestaShopBundle\\Controller\\Admin\\Improve\\Modules\\AlertsController::notificationsCountAction","_legacy_controller":"AdminModulesNotifications","_legacy_link":"AdminModulesNotifications:count","_route":"admin_module_notification_count"},"request_uri":"http://altopromo/admin074nfk35r/index.php/improve/modules/alerts/count?_token=OSM6TbMDauBDlRaKaWBdw6imCmZqAmPDhBABrjArUkg","method":"GET"} []
[2020-07-11 19:12:52] security.DEBUG: Read existing security token from the session. {"key":"_security_main","token_class":"Symfony\\Component\\Security\\Core\\Authentication\\Token\\UsernamePasswordToken"} []
[2020-07-11 19:12:52] security.DEBUG: User was reloaded from a user provider. {"provider":"PrestaShopBundle\\Security\\Admin\\EmployeeProvider","username":"ergeysaevbars@mail.ru"} []
[2020-07-11 19:12:58] app.ERROR: Data from PrestaShop Addons is invalid, and cannot fallback on cache.  {"exception":"cURL error 28: Operation timed out after 5000 milliseconds with 948546 bytes received"} []
[2020-07-11 19:12:58] security.DEBUG: Stored the security token in the session. {"key":"_security_main"} []
[2020-07-11 20:06:54] request.CRITICAL: Uncaught PHP Exception Symfony\Component\Debug\Exception\FatalThrowableError: "Parse error: syntax error, unexpected ','" at D:\OSPanel\domains\altopromo\modules\ps_banner\ps_banner.php line 191 {"exception":"[object] (Symfony\\Component\\Debug\\Exception\\FatalThrowableError(code: 0): Parse error: syntax error, unexpected ',' at D:\\OSPanel\\domains\\altopromo\\modules\\ps_banner\\ps_banner.php:191)"} []
